<?xml version="1.0" encoding="UTF-8"?>
<testsuite xmlns:xsi="http://www.w3.org/2001/XMLSchema-instance" xsi:noNamespaceSchemaLocation="https://maven.apache.org/surefire/maven-surefire-plugin/xsd/surefire-test-report.xsd" name="Common Steps" time="18.254" tests="11" errors="0" skipped="0" failures="0">
  <properties>
[...]
</properties>
  <testcase name="Get tweet basic" classname="Common Steps" time="3.365"/>
  <testcase name="Get tweet basic 2" classname="Common Steps" time="0.973"/>
  <testcase name="Get tweet basic 3" classname="Common Steps" time="0.728"/>
  <testcase name="Get tweet with query parameters" classname="Common Steps" time="0.471"/>
  <testcase name="Get tweet with query parameters 2" classname="Common Steps" time="0.43"/>
  <testcase name="Get tweet with multiple parameters" classname="Common Steps" time="0.52"/>
  <testcase name="Post tweet - delete tweet - get tweet" classname="Common Steps" time="1.811"/>
  <testcase name="Post tweet - favourite tweet - delete tweet" classname="Common Steps" time="1.532"/>
  <testcase name="Get rule" classname="Common Steps" time="0.506"/>
  <testcase name="Post rule - delete rule" classname="Common Steps" time="3.342"/>
  <testcase name="Post 2 rules - delete 2 rules" classname="Common Steps" time="4.566"/>
</testsuite>