<?xml version="1.0" encoding="UTF-8"?>
<testng-results skipped="0" failed="0" ignored="0" total="0" passed="0">
  <reporter-output>
  </reporter-output>
  <suite name="TestRunner" duration-ms="8" started-at="2020-12-12T12:57:57 GMT" finished-at="2020-12-12T12:57:57 GMT">
    <groups>
    </groups>
    <test name="Command line test" duration-ms="8" started-at="2020-12-12T12:57:57 GMT" finished-at="2020-12-12T12:57:57 GMT">
    </test> <!-- Command line test -->
  </suite> <!-- TestRunner -->
</testng-results>
